[2021-12-21T11:44:29.236133+01:00] flutterwave/rave.NOTICE: Generating Reference Number.... [] []
[2021-12-21T11:44:29.487461+01:00] flutterwave/rave.NOTICE: Generated Reference Number....RV_61c1b00d77006 [] []
[2021-12-21T11:44:29.487606+01:00] flutterwave/rave.NOTICE: Rave Class Initializes.... [] []
[2021-12-21T11:45:21.364689+01:00] flutterwave/rave.NOTICE: Generating Reference Number.... [] []
[2021-12-21T11:45:21.368859+01:00] flutterwave/rave.NOTICE: Generated Reference Number....RV_61c1b0415a0be [] []
[2021-12-21T11:45:21.368988+01:00] flutterwave/rave.NOTICE: Rave Class Initializes.... [] []
[2021-12-21T11:45:21.400006+01:00] flutterwave/rave.NOTICE: AIRTIME Billing ... [] []
[2021-12-21T11:46:20.975353+01:00] flutterwave/rave.NOTICE: Generating Reference Number.... [] []
[2021-12-21T11:46:20.979722+01:00] flutterwave/rave.NOTICE: Generated Reference Number....RV_61c1b07cef2e8 [] []
[2021-12-21T11:46:20.979893+01:00] flutterwave/rave.NOTICE: Rave Class Initializes.... [] []
[2021-12-21T11:46:20.980085+01:00] flutterwave/rave.NOTICE: AIRTIME Billing ... [] []
[2021-12-21T11:46:55.952456+01:00] flutterwave/rave.NOTICE: Generating Reference Number.... [] []
[2021-12-21T11:46:55.955581+01:00] flutterwave/rave.NOTICE: Generated Reference Number....RV_61c1b09fe94a7 [] []
[2021-12-21T11:46:55.955667+01:00] flutterwave/rave.NOTICE: Rave Class Initializes.... [] []
[2021-12-21T11:47:11.175059+01:00] flutterwave/rave.NOTICE: Generating Reference Number.... [] []
[2021-12-21T11:47:11.178472+01:00] flutterwave/rave.NOTICE: Generated Reference Number....RV_61c1b0af2b90e [] []
[2021-12-21T11:47:11.178565+01:00] flutterwave/rave.NOTICE: Rave Class Initializes.... [] []
[2021-12-21T11:47:51.743963+01:00] flutterwave/rave.NOTICE: Generating Reference Number.... [] []
[2021-12-21T11:47:51.746819+01:00] flutterwave/rave.NOTICE: Generated Reference Number....RV_61c1b0d7b6530 [] []
[2021-12-21T11:47:51.746898+01:00] flutterwave/rave.NOTICE: Rave Class Initializes.... [] []
[2021-12-21T12:39:13.111730+01:00] flutterwave/rave.NOTICE: Generating Reference Number.... [] []
[2021-12-21T12:39:13.276794+01:00] flutterwave/rave.NOTICE: Generated Reference Number....RV_61c1bce143910 [] []
[2021-12-21T12:39:13.277093+01:00] flutterwave/rave.NOTICE: Rave Class Initializes.... [] []
[2021-12-21T12:39:33.008416+01:00] flutterwave/rave.NOTICE: Generating Reference Number.... [] []
[2021-12-21T12:39:33.011026+01:00] flutterwave/rave.NOTICE: Generated Reference Number....RV_61c1bcf502afa [] []
[2021-12-21T12:39:33.011110+01:00] flutterwave/rave.NOTICE: Rave Class Initializes.... [] []
[2021-12-21T12:40:21.624537+01:00] flutterwave/rave.NOTICE: Generating Reference Number.... [] []
[2021-12-21T12:40:21.626917+01:00] flutterwave/rave.NOTICE: Generated Reference Number....RV_61c1bd25990d0 [] []
[2021-12-21T12:40:21.627012+01:00] flutterwave/rave.NOTICE: Rave Class Initializes.... [] []
[2021-12-21T12:42:17.797378+01:00] flutterwave/rave.NOTICE: Generating Reference Number.... [] []
[2021-12-21T12:42:17.800534+01:00] flutterwave/rave.NOTICE: Generated Reference Number....RV_61c1bd99c36f9 [] []
[2021-12-21T12:42:17.800620+01:00] flutterwave/rave.NOTICE: Rave Class Initializes.... [] []
[2021-12-21T12:42:58.826369+01:00] flutterwave/rave.NOTICE: Generating Reference Number.... [] []
[2021-12-21T12:42:58.828756+01:00] flutterwave/rave.NOTICE: Generated Reference Number....RV_61c1bdc2ca53e [] []
[2021-12-21T12:42:58.828853+01:00] flutterwave/rave.NOTICE: Rave Class Initializes.... [] []
[2021-12-21T12:43:05.982197+01:00] flutterwave/rave.NOTICE: Generating Reference Number.... [] []
[2021-12-21T12:43:05.985626+01:00] flutterwave/rave.NOTICE: Generated Reference Number....RV_61c1bdc9f0a03 [] []
[2021-12-21T12:43:05.985713+01:00] flutterwave/rave.NOTICE: Rave Class Initializes.... [] []
[2021-12-21T12:44:02.643349+01:00] flutterwave/rave.NOTICE: Generating Reference Number.... [] []
[2021-12-21T12:44:02.647341+01:00] flutterwave/rave.NOTICE: Generated Reference Number....RV_61c1be029e092 [] []
[2021-12-21T12:44:02.647474+01:00] flutterwave/rave.NOTICE: Rave Class Initializes.... [] []
[2021-12-21T12:44:28.036580+01:00] flutterwave/rave.NOTICE: Generating Reference Number.... [] []
[2021-12-21T12:44:28.039390+01:00] flutterwave/rave.NOTICE: Generated Reference Number....RV_61c1be1c099c9 [] []
[2021-12-21T12:44:28.039486+01:00] flutterwave/rave.NOTICE: Rave Class Initializes.... [] []
[2021-12-21T12:44:47.607146+01:00] flutterwave/rave.NOTICE: Generating Reference Number.... [] []
[2021-12-21T12:44:47.611077+01:00] flutterwave/rave.NOTICE: Generated Reference Number....RV_61c1be2f952e8 [] []
[2021-12-21T12:44:47.611254+01:00] flutterwave/rave.NOTICE: Rave Class Initializes.... [] []
[2021-12-21T12:45:53.299051+01:00] flutterwave/rave.NOTICE: Generating Reference Number.... [] []
[2021-12-21T12:45:53.301953+01:00] flutterwave/rave.NOTICE: Generated Reference Number....RV_61c1be7149b68 [] []
[2021-12-21T12:45:53.302048+01:00] flutterwave/rave.NOTICE: Rave Class Initializes.... [] []
[2021-12-21T12:47:06.630937+01:00] flutterwave/rave.NOTICE: Generating Reference Number.... [] []
[2021-12-21T12:47:06.633757+01:00] flutterwave/rave.NOTICE: Generated Reference Number....RV_61c1beba9ab89 [] []
[2021-12-21T12:47:06.633844+01:00] flutterwave/rave.NOTICE: Rave Class Initializes.... [] []
[2021-12-21T12:47:19.928742+01:00] flutterwave/rave.NOTICE: Generating Reference Number.... [] []
[2021-12-21T12:47:19.932560+01:00] flutterwave/rave.NOTICE: Generated Reference Number....RV_61c1bec7e3aae [] []
[2021-12-21T12:47:19.932738+01:00] flutterwave/rave.NOTICE: Rave Class Initializes.... [] []
[2021-12-21T12:48:32.957192+01:00] flutterwave/rave.NOTICE: Generating Reference Number.... [] []
[2021-12-21T12:48:32.961607+01:00] flutterwave/rave.NOTICE: Generated Reference Number....RV_61c1bf10eac1d [] []
[2021-12-21T12:48:32.961801+01:00] flutterwave/rave.NOTICE: Rave Class Initializes.... [] []
[2021-12-21T12:48:51.367191+01:00] flutterwave/rave.NOTICE: Generating Reference Number.... [] []
[2021-12-21T12:48:51.369560+01:00] flutterwave/rave.NOTICE: Generated Reference Number....RV_61c1bf235a381 [] []
[2021-12-21T12:48:51.369657+01:00] flutterwave/rave.NOTICE: Rave Class Initializes.... [] []
[2021-12-21T12:49:23.386324+01:00] flutterwave/rave.NOTICE: Generating Reference Number.... [] []
[2021-12-21T12:49:23.389654+01:00] flutterwave/rave.NOTICE: Generated Reference Number....RV_61c1bf435f1fc [] []
[2021-12-21T12:49:23.389751+01:00] flutterwave/rave.NOTICE: Rave Class Initializes.... [] []
[2021-12-21T12:52:53.628127+01:00] flutterwave/rave.NOTICE: Generating Reference Number.... [] []
[2021-12-21T12:52:53.631455+01:00] flutterwave/rave.NOTICE: Generated Reference Number....RV_61c1c0159a287 [] []
[2021-12-21T12:52:53.631558+01:00] flutterwave/rave.NOTICE: Rave Class Initializes.... [] []
[2021-12-21T12:52:53.631650+01:00] flutterwave/rave.NOTICE: AIRTIME Billing ... [] []
[2021-12-21T12:53:12.683450+01:00] flutterwave/rave.NOTICE: Generating Reference Number.... [] []
[2021-12-21T12:53:12.686974+01:00] flutterwave/rave.NOTICE: Generated Reference Number....RV_61c1c028a7b57 [] []
[2021-12-21T12:53:12.687189+01:00] flutterwave/rave.NOTICE: Rave Class Initializes.... [] []
[2021-12-21T12:53:12.687404+01:00] flutterwave/rave.NOTICE: AIRTIME Billing ... [] []
[2021-12-21T12:54:25.348359+01:00] flutterwave/rave.NOTICE: Generating Reference Number.... [] []
[2021-12-21T12:54:25.351023+01:00] flutterwave/rave.NOTICE: Generated Reference Number....RV_61c1c07155b1e [] []
[2021-12-21T12:54:25.351112+01:00] flutterwave/rave.NOTICE: Rave Class Initializes.... [] []
[2021-12-21T12:54:25.351204+01:00] flutterwave/rave.NOTICE: AIRTIME Billing ... [] []
[2021-12-21T12:54:58.788235+01:00] flutterwave/rave.NOTICE: Generating Reference Number.... [] []
[2021-12-21T12:54:58.791468+01:00] flutterwave/rave.NOTICE: Generated Reference Number....RV_61c1c092c139b [] []
[2021-12-21T12:54:58.791557+01:00] flutterwave/rave.NOTICE: Rave Class Initializes.... [] []
[2021-12-21T12:54:58.791647+01:00] flutterwave/rave.NOTICE: AIRTIME Billing ... [] []
[2021-12-21T12:55:11.688017+01:00] flutterwave/rave.NOTICE: Generating Reference Number.... [] []
[2021-12-21T12:55:11.690965+01:00] flutterwave/rave.NOTICE: Generated Reference Number....RV_61c1c09fa8af8 [] []
[2021-12-21T12:55:11.691080+01:00] flutterwave/rave.NOTICE: Rave Class Initializes.... [] []
[2021-12-21T12:55:11.691173+01:00] flutterwave/rave.NOTICE: AIRTIME Billing ... [] []
[2021-12-21T13:39:22.185851+01:00] flutterwave/rave.NOTICE: Generating Reference Number.... [] []
[2021-12-21T13:39:22.189938+01:00] flutterwave/rave.NOTICE: Generated Reference Number....RV_61c1cafa2e5cc [] []
[2021-12-21T13:39:22.190101+01:00] flutterwave/rave.NOTICE: Rave Class Initializes.... [] []
[2021-12-21T13:39:32.406300+01:00] flutterwave/rave.NOTICE: Generating Reference Number.... [] []
[2021-12-21T13:39:32.410400+01:00] flutterwave/rave.NOTICE: Generated Reference Number....RV_61c1cb04642fe [] []
[2021-12-21T13:39:32.410637+01:00] flutterwave/rave.NOTICE: Rave Class Initializes.... [] []
[2021-12-21T13:39:32.410842+01:00] flutterwave/rave.NOTICE: DSTV Billing ... [] []
[2021-12-21T13:44:14.857896+01:00] flutterwave/rave.NOTICE: Generating Reference Number.... [] []
[2021-12-21T13:44:14.861687+01:00] flutterwave/rave.NOTICE: Generated Reference Number....RV_61c1cc1ed25dc [] []
[2021-12-21T13:44:14.861795+01:00] flutterwave/rave.NOTICE: Rave Class Initializes.... [] []
[2021-12-21T13:47:57.682157+01:00] flutterwave/rave.NOTICE: Generating Reference Number.... [] []
[2021-12-21T13:47:57.687295+01:00] flutterwave/rave.NOTICE: Generated Reference Number....RV_61c1ccfda7c9d [] []
[2021-12-21T13:47:57.687412+01:00] flutterwave/rave.NOTICE: Rave Class Initializes.... [] []
[2021-12-21T13:47:57.687504+01:00] flutterwave/rave.NOTICE: AIRTIME Billing ... [] []
[2021-12-21T13:48:24.346365+01:00] flutterwave/rave.NOTICE: Generating Reference Number.... [] []
[2021-12-21T13:48:24.349695+01:00] flutterwave/rave.NOTICE: Generated Reference Number....RV_61c1cd18555db [] []
[2021-12-21T13:48:24.349837+01:00] flutterwave/rave.NOTICE: Rave Class Initializes.... [] []
[2021-12-21T13:48:24.350019+01:00] flutterwave/rave.NOTICE: AIRTIME Billing ... [] []
[2021-12-21T21:59:34.540210+01:00] flutterwave/rave.NOTICE: Generating Reference Number.... [] []
[2021-12-21T21:59:34.699429+01:00] flutterwave/rave.NOTICE: Generated Reference Number....RV_61c24036aabff [] []
[2021-12-21T21:59:34.699633+01:00] flutterwave/rave.NOTICE: Rave Class Initializes.... [] []
[2021-12-21T21:59:34.699836+01:00] flutterwave/rave.NOTICE: AIRTIME Billing ... [] []
[2021-12-21T22:03:00.939319+01:00] flutterwave/rave.NOTICE: Generating Reference Number.... [] []
[2021-12-21T22:03:00.943033+01:00] flutterwave/rave.NOTICE: Generated Reference Number....RV_61c24104e639a [] []
[2021-12-21T22:03:00.943201+01:00] flutterwave/rave.NOTICE: Rave Class Initializes.... [] []
[2021-12-21T22:03:00.943360+01:00] flutterwave/rave.NOTICE: AIRTIME Billing ... [] []
[2021-12-21T22:03:17.697980+01:00] flutterwave/rave.NOTICE: Generating Reference Number.... [] []
[2021-12-21T22:03:17.700665+01:00] flutterwave/rave.NOTICE: Generated Reference Number....RV_61c24115ab0bf [] []
[2021-12-21T22:03:17.700807+01:00] flutterwave/rave.NOTICE: Rave Class Initializes.... [] []
[2021-12-21T22:03:17.700983+01:00] flutterwave/rave.NOTICE: AIRTIME Billing ... [] []
[2021-12-21T22:05:12.310074+01:00] flutterwave/rave.NOTICE: Generating Reference Number.... [] []
[2021-12-21T22:05:12.312921+01:00] flutterwave/rave.NOTICE: Generated Reference Number....RV_61c241884c644 [] []
[2021-12-21T22:05:12.313018+01:00] flutterwave/rave.NOTICE: Rave Class Initializes.... [] []
[2021-12-21T22:09:13.046470+01:00] flutterwave/rave.NOTICE: Generating Reference Number.... [] []
[2021-12-21T22:09:13.049458+01:00] flutterwave/rave.NOTICE: Generated Reference Number....RV_61c242790c122 [] []
[2021-12-21T22:09:13.049543+01:00] flutterwave/rave.NOTICE: Rave Class Initializes.... [] []
[2021-12-21T22:09:13.049623+01:00] flutterwave/rave.NOTICE: AIRTIME Billing ... [] []
[2021-12-21T22:15:31.514830+01:00] flutterwave/rave.NOTICE: Generating Reference Number.... [] []
[2021-12-21T22:15:31.517772+01:00] flutterwave/rave.NOTICE: Generated Reference Number....RV_61c243f37e67e [] []
[2021-12-21T22:15:31.517925+01:00] flutterwave/rave.NOTICE: Rave Class Initializes.... [] []
[2021-12-21T22:15:31.518013+01:00] flutterwave/rave.NOTICE: AIRTIME Billing ... [] []
[2021-12-21T22:15:58.450631+01:00] flutterwave/rave.NOTICE: Generating Reference Number.... [] []
[2021-12-21T22:15:58.455048+01:00] flutterwave/rave.NOTICE: Generated Reference Number....RV_61c2440e6f16b [] []
[2021-12-21T22:15:58.455179+01:00] flutterwave/rave.NOTICE: Rave Class Initializes.... [] []
[2021-12-21T22:15:58.455303+01:00] flutterwave/rave.NOTICE: AIRTIME Billing ... [] []
[2021-12-21T22:17:36.996326+01:00] flutterwave/rave.NOTICE: Generating Reference Number.... [] []
[2021-12-21T22:17:37.000762+01:00] flutterwave/rave.NOTICE: Generated Reference Number....RV_61c24471002de [] []
[2021-12-21T22:17:37.000893+01:00] flutterwave/rave.NOTICE: Rave Class Initializes.... [] []
[2021-12-21T22:23:32.489275+01:00] flutterwave/rave.NOTICE: Generating Reference Number.... [] []
[2021-12-21T22:23:32.492168+01:00] flutterwave/rave.NOTICE: Generated Reference Number....RV_61c245d478272 [] []
[2021-12-21T22:23:32.492263+01:00] flutterwave/rave.NOTICE: Rave Class Initializes.... [] []
[2021-12-21T22:23:35.304277+01:00] flutterwave/rave.NOTICE: Generating Reference Number.... [] []
[2021-12-21T22:23:35.306612+01:00] flutterwave/rave.NOTICE: Generated Reference Number....RV_61c245d74ada1 [] []
[2021-12-21T22:23:35.306696+01:00] flutterwave/rave.NOTICE: Rave Class Initializes.... [] []
[2021-12-21T22:24:02.799262+01:00] flutterwave/rave.NOTICE: Generating Reference Number.... [] []
[2021-12-21T22:24:02.801635+01:00] flutterwave/rave.NOTICE: Generated Reference Number....RV_61c245f2c3b4d [] []
[2021-12-21T22:24:02.801730+01:00] flutterwave/rave.NOTICE: Rave Class Initializes.... [] []
[2021-12-21T22:24:02.801814+01:00] flutterwave/rave.NOTICE: MTN 200 MB DATA BUNDLE Billing ... [] []
[2021-12-21T22:31:19.578536+01:00] flutterwave/rave.NOTICE: Generating Reference Number.... [] []
[2021-12-21T22:31:19.584371+01:00] flutterwave/rave.NOTICE: Generated Reference Number....RV_61c247a78ea91 [] []
[2021-12-21T22:31:19.584481+01:00] flutterwave/rave.NOTICE: Rave Class Initializes.... [] []
[2021-12-21T22:32:01.302575+01:00] flutterwave/rave.NOTICE: Generating Reference Number.... [] []
[2021-12-21T22:32:01.305069+01:00] flutterwave/rave.NOTICE: Generated Reference Number....RV_61c247d14a78e [] []
[2021-12-21T22:32:01.305180+01:00] flutterwave/rave.NOTICE: Rave Class Initializes.... [] []
[2021-12-21T22:32:20.182337+01:00] flutterwave/rave.NOTICE: Generating Reference Number.... [] []
[2021-12-21T22:32:20.185392+01:00] flutterwave/rave.NOTICE: Generated Reference Number....RV_61c247e42d40b [] []
[2021-12-21T22:32:20.185513+01:00] flutterwave/rave.NOTICE: Rave Class Initializes.... [] []
[2021-12-21T22:34:57.428075+01:00] flutterwave/rave.NOTICE: Generating Reference Number.... [] []
[2021-12-21T22:34:57.431063+01:00] flutterwave/rave.NOTICE: Generated Reference Number....RV_61c24881693c2 [] []
[2021-12-21T22:34:57.431161+01:00] flutterwave/rave.NOTICE: Rave Class Initializes.... [] []
[2021-12-21T22:35:15.798637+01:00] flutterwave/rave.NOTICE: Generating Reference Number.... [] []
[2021-12-21T22:35:15.801428+01:00] flutterwave/rave.NOTICE: Generated Reference Number....RV_61c24893c3a7f [] []
[2021-12-21T22:35:15.801513+01:00] flutterwave/rave.NOTICE: Rave Class Initializes.... [] []
[2021-12-21T22:35:30.216503+01:00] flutterwave/rave.NOTICE: Generating Reference Number.... [] []
[2021-12-21T22:35:30.220961+01:00] flutterwave/rave.NOTICE: Generated Reference Number....RV_61c248a235f00 [] []
[2021-12-21T22:35:30.221141+01:00] flutterwave/rave.NOTICE: Rave Class Initializes.... [] []
[2021-12-21T22:36:54.727753+01:00] flutterwave/rave.NOTICE: Generating Reference Number.... [] []
[2021-12-21T22:36:54.730658+01:00] flutterwave/rave.NOTICE: Generated Reference Number....RV_61c248f6b2608 [] []
[2021-12-21T22:36:54.730755+01:00] flutterwave/rave.NOTICE: Rave Class Initializes.... [] []
[2021-12-21T22:37:18.140172+01:00] flutterwave/rave.NOTICE: Generating Reference Number.... [] []
[2021-12-21T22:37:18.144243+01:00] flutterwave/rave.NOTICE: Generated Reference Number....RV_61c2490e2331c [] []
[2021-12-21T22:37:18.144407+01:00] flutterwave/rave.NOTICE: Rave Class Initializes.... [] []
[2021-12-21T22:37:40.694579+01:00] flutterwave/rave.NOTICE: Generating Reference Number.... [] []
[2021-12-21T22:37:40.698150+01:00] flutterwave/rave.NOTICE: Generated Reference Number....RV_61c24924aa70a [] []
[2021-12-21T22:37:40.698324+01:00] flutterwave/rave.NOTICE: Rave Class Initializes.... [] []
[2021-12-21T22:39:36.358903+01:00] flutterwave/rave.NOTICE: Generating Reference Number.... [] []
[2021-12-21T22:39:36.361729+01:00] flutterwave/rave.NOTICE: Generated Reference Number....RV_61c24998584ee [] []
[2021-12-21T22:39:36.361813+01:00] flutterwave/rave.NOTICE: Rave Class Initializes.... [] []
[2021-12-21T22:50:07.213658+01:00] flutterwave/rave.NOTICE: Generating Reference Number.... [] []
[2021-12-21T22:50:07.218181+01:00] flutterwave/rave.NOTICE: Generated Reference Number....RV_61c24c0f3542a [] []
[2021-12-21T22:50:07.218277+01:00] flutterwave/rave.NOTICE: Rave Class Initializes.... [] []
[2021-12-21T22:56:27.405440+01:00] flutterwave/rave.NOTICE: Generating Reference Number.... [] []
[2021-12-21T22:56:27.408415+01:00] flutterwave/rave.NOTICE: Generated Reference Number....RV_61c24d8b63b4c [] []
[2021-12-21T22:56:27.408493+01:00] flutterwave/rave.NOTICE: Rave Class Initializes.... [] []
[2021-12-21T22:57:22.775700+01:00] flutterwave/rave.NOTICE: Generating Reference Number.... [] []
[2021-12-21T22:57:22.778821+01:00] flutterwave/rave.NOTICE: Generated Reference Number....RV_61c24dc2be22e [] []
[2021-12-21T22:57:22.778913+01:00] flutterwave/rave.NOTICE: Rave Class Initializes.... [] []
[2021-12-21T22:57:24.192647+01:00] flutterwave/rave.NOTICE: Generating Reference Number.... [] []
[2021-12-21T22:57:24.195916+01:00] flutterwave/rave.NOTICE: Generated Reference Number....RV_61c24dc42fd37 [] []
[2021-12-21T22:57:24.196035+01:00] flutterwave/rave.NOTICE: Rave Class Initializes.... [] []
[2021-12-21T22:57:40.904287+01:00] flutterwave/rave.NOTICE: Generating Reference Number.... [] []
[2021-12-21T22:57:40.906664+01:00] flutterwave/rave.NOTICE: Generated Reference Number....RV_61c24dd4dd594 [] []
[2021-12-21T22:57:40.906751+01:00] flutterwave/rave.NOTICE: Rave Class Initializes.... [] []
[2021-12-21T22:58:09.277710+01:00] flutterwave/rave.NOTICE: Generating Reference Number.... [] []
[2021-12-21T22:58:09.280145+01:00] flutterwave/rave.NOTICE: Generated Reference Number....RV_61c24df14463c [] []
[2021-12-21T22:58:09.280235+01:00] flutterwave/rave.NOTICE: Rave Class Initializes.... [] []
[2021-12-21T22:58:51.978484+01:00] flutterwave/rave.NOTICE: Generating Reference Number.... [] []
[2021-12-21T22:58:51.981326+01:00] flutterwave/rave.NOTICE: Generated Reference Number....RV_61c24e1bef93a [] []
[2021-12-21T22:58:51.981411+01:00] flutterwave/rave.NOTICE: Rave Class Initializes.... [] []
[2021-12-21T23:00:07.360188+01:00] flutterwave/rave.NOTICE: Generating Reference Number.... [] []
[2021-12-21T23:00:07.362561+01:00] flutterwave/rave.NOTICE: Generated Reference Number....RV_61c24e6758831 [] []
[2021-12-21T23:00:07.362641+01:00] flutterwave/rave.NOTICE: Rave Class Initializes.... [] []
[2021-12-21T23:00:46.161249+01:00] flutterwave/rave.NOTICE: Generating Reference Number.... [] []
[2021-12-21T23:00:46.163580+01:00] flutterwave/rave.NOTICE: Generated Reference Number....RV_61c24e8e27ee7 [] []
[2021-12-21T23:00:46.163664+01:00] flutterwave/rave.NOTICE: Rave Class Initializes.... [] []
[2021-12-21T23:01:24.106251+01:00] flutterwave/rave.NOTICE: Generating Reference Number.... [] []
[2021-12-21T23:01:24.109016+01:00] flutterwave/rave.NOTICE: Generated Reference Number....RV_61c24eb41a9c8 [] []
[2021-12-21T23:01:24.109098+01:00] flutterwave/rave.NOTICE: Rave Class Initializes.... [] []
[2021-12-21T23:02:13.414195+01:00] flutterwave/rave.NOTICE: Generating Reference Number.... [] []
[2021-12-21T23:02:13.416574+01:00] flutterwave/rave.NOTICE: Generated Reference Number....RV_61c24ee565b2a [] []
[2021-12-21T23:02:13.416740+01:00] flutterwave/rave.NOTICE: Rave Class Initializes.... [] []
[2021-12-21T23:04:13.883660+01:00] flutterwave/rave.NOTICE: Generating Reference Number.... [] []
[2021-12-21T23:04:13.886534+01:00] flutterwave/rave.NOTICE: Generated Reference Number....RV_61c24f5dd86f0 [] []
[2021-12-21T23:04:13.886863+01:00] flutterwave/rave.NOTICE: Rave Class Initializes.... [] []
[2021-12-21T23:04:46.465387+01:00] flutterwave/rave.NOTICE: Generating Reference Number.... [] []
[2021-12-21T23:04:46.469398+01:00] flutterwave/rave.NOTICE: Generated Reference Number....RV_61c24f7e72979 [] []
[2021-12-21T23:04:46.469498+01:00] flutterwave/rave.NOTICE: Rave Class Initializes.... [] []
[2021-12-21T23:05:09.965698+01:00] flutterwave/rave.NOTICE: Generating Reference Number.... [] []
[2021-12-21T23:05:09.968015+01:00] flutterwave/rave.NOTICE: Generated Reference Number....RV_61c24f95ec53b [] []
[2021-12-21T23:05:09.968101+01:00] flutterwave/rave.NOTICE: Rave Class Initializes.... [] []
[2021-12-21T23:05:40.814076+01:00] flutterwave/rave.NOTICE: Generating Reference Number.... [] []
[2021-12-21T23:05:40.816824+01:00] flutterwave/rave.NOTICE: Generated Reference Number....RV_61c24fb4c769b [] []
[2021-12-21T23:05:40.816952+01:00] flutterwave/rave.NOTICE: Rave Class Initializes.... [] []
[2021-12-21T23:06:36.921668+01:00] flutterwave/rave.NOTICE: Generating Reference Number.... [] []
[2021-12-21T23:06:36.924540+01:00] flutterwave/rave.NOTICE: Generated Reference Number....RV_61c24fece1b6e [] []
[2021-12-21T23:06:36.924624+01:00] flutterwave/rave.NOTICE: Rave Class Initializes.... [] []
