[2021-12-18T11:51:57.845960+01:00] flutterwave/rave.NOTICE: Generating Reference Number.... [] []
[2021-12-18T11:51:57.944693+01:00] flutterwave/rave.NOTICE: Generated Reference Number....MY_NAME_5a22a7f270abc8879 [] []
[2021-12-18T11:51:57.945040+01:00] flutterwave/rave.NOTICE: Rave Class Initializes.... [] []
[2021-12-18T11:51:57.945328+01:00] flutterwave/rave.NOTICE: Generating Checksum.... [] []
[2021-12-18T11:54:08.414082+01:00] flutterwave/rave.NOTICE: Generating Reference Number.... [] []
[2021-12-18T11:54:08.417304+01:00] flutterwave/rave.NOTICE: Generated Reference Number....MY_NAME_5a22a7f270abc8879 [] []
[2021-12-18T11:54:08.449752+01:00] flutterwave/rave.NOTICE: Rave Class Initializes.... [] []
[2021-12-18T11:54:08.449894+01:00] flutterwave/rave.NOTICE: Generating Checksum.... [] []
[2021-12-18T11:55:48.495130+01:00] flutterwave/rave.NOTICE: Generating Reference Number.... [] []
[2021-12-18T11:55:48.499170+01:00] flutterwave/rave.NOTICE: Generated Reference Number....RV_61bdbe3479dcb [] []
[2021-12-18T11:55:48.499277+01:00] flutterwave/rave.NOTICE: Rave Class Initializes.... [] []
[2021-12-18T11:57:57.957685+01:00] flutterwave/rave.NOTICE: Generating Reference Number.... [] []
[2021-12-18T11:57:57.960408+01:00] flutterwave/rave.NOTICE: Generated Reference Number....RV_61bdbeb5ea786 [] []
[2021-12-18T11:57:57.960501+01:00] flutterwave/rave.NOTICE: Rave Class Initializes.... [] []
[2021-12-18T11:57:59.978760+01:00] flutterwave/rave.NOTICE: Generating Reference Number.... [] []
[2021-12-18T11:57:59.983489+01:00] flutterwave/rave.NOTICE: Generated Reference Number....RV_61bdbeb7f01a5 [] []
[2021-12-18T11:57:59.983594+01:00] flutterwave/rave.NOTICE: Rave Class Initializes.... [] []
[2021-12-18T11:58:35.246342+01:00] flutterwave/rave.NOTICE: Generating Reference Number.... [] []
[2021-12-18T11:58:35.249178+01:00] flutterwave/rave.NOTICE: Generated Reference Number....RV_61bdbedb3cd44 [] []
[2021-12-18T11:58:35.249269+01:00] flutterwave/rave.NOTICE: Rave Class Initializes.... [] []
[2021-12-18T11:59:12.333672+01:00] flutterwave/rave.NOTICE: Generating Reference Number.... [] []
[2021-12-18T11:59:12.338391+01:00] flutterwave/rave.NOTICE: Generated Reference Number....RV_61bdbf00529b7 [] []
[2021-12-18T11:59:12.338521+01:00] flutterwave/rave.NOTICE: Rave Class Initializes.... [] []
[2021-12-18T11:59:57.336865+01:00] flutterwave/rave.NOTICE: Generating Reference Number.... [] []
[2021-12-18T11:59:57.342324+01:00] flutterwave/rave.NOTICE: Generated Reference Number....021932043204 [] []
[2021-12-18T11:59:57.342540+01:00] flutterwave/rave.NOTICE: Rave Class Initializes.... [] []
[2021-12-18T12:02:34.108996+01:00] flutterwave/rave.NOTICE: Generating Reference Number.... [] []
[2021-12-18T12:02:34.112046+01:00] flutterwave/rave.NOTICE: Generated Reference Number....MY_NAME_5a22a7f270abc8879 [] []
[2021-12-18T12:02:34.112121+01:00] flutterwave/rave.NOTICE: Rave Class Initializes.... [] []
[2021-12-18T12:02:34.112200+01:00] flutterwave/rave.NOTICE: Generating Checksum.... [] []
[2021-12-18T12:06:36.124959+01:00] flutterwave/rave.NOTICE: Generating Reference Number.... [] []
[2021-12-18T12:06:36.130071+01:00] flutterwave/rave.NOTICE: Generated Reference Number....RV_61bdc0bc1fbfc [] []
[2021-12-18T12:06:36.130189+01:00] flutterwave/rave.NOTICE: Rave Class Initializes.... [] []
[2021-12-18T12:06:36.130315+01:00] flutterwave/rave.NOTICE: AIRTIME Billing ... [] []
[2021-12-18T12:12:04.026807+01:00] flutterwave/rave.NOTICE: Generating Reference Number.... [] []
[2021-12-18T12:12:04.031518+01:00] flutterwave/rave.NOTICE: Generated Reference Number....RV_61bdc20407b00 [] []
[2021-12-18T12:12:04.031657+01:00] flutterwave/rave.NOTICE: Rave Class Initializes.... [] []
[2021-12-18T12:12:48.397576+01:00] flutterwave/rave.NOTICE: Generating Reference Number.... [] []
[2021-12-18T12:12:48.400028+01:00] flutterwave/rave.NOTICE: Generated Reference Number....RV_61bdc23061a87 [] []
[2021-12-18T12:12:48.400123+01:00] flutterwave/rave.NOTICE: Rave Class Initializes.... [] []
[2021-12-18T12:13:28.970922+01:00] flutterwave/rave.NOTICE: Generating Reference Number.... [] []
[2021-12-18T12:13:28.975951+01:00] flutterwave/rave.NOTICE: Generated Reference Number....RV_61bdc258ee42f [] []
[2021-12-18T12:13:28.976058+01:00] flutterwave/rave.NOTICE: Rave Class Initializes.... [] []
[2021-12-18T12:15:16.273163+01:00] flutterwave/rave.NOTICE: Generating Reference Number.... [] []
[2021-12-18T12:15:16.276453+01:00] flutterwave/rave.NOTICE: Generated Reference Number....RV_61bdc2c4437bc [] []
[2021-12-18T12:15:16.276625+01:00] flutterwave/rave.NOTICE: Rave Class Initializes.... [] []
