[2024-04-06T07:01:49.146375+00:00] flutterwave/rave.NOTICE: Generating Reference Number.... [] []
[2024-04-06T07:01:49.152053+00:00] flutterwave/rave.NOTICE: Generated Reference Number....RV_6610f35d251e3 [] []
[2024-04-06T07:01:49.152105+00:00] flutterwave/rave.NOTICE: Rave Class Initializes.... [] []
[2024-04-06T07:06:20.212448+00:00] flutterwave/rave.NOTICE: Generating Reference Number.... [] []
[2024-04-06T07:06:20.214352+00:00] flutterwave/rave.NOTICE: Generated Reference Number....RV_6610f46c34543 [] []
[2024-04-06T07:06:20.214393+00:00] flutterwave/rave.NOTICE: Rave Class Initializes.... [] []
[2024-04-06T07:07:46.526250+00:00] flutterwave/rave.NOTICE: Generating Reference Number.... [] []
[2024-04-06T07:07:46.527887+00:00] flutterwave/rave.NOTICE: Generated Reference Number....RV_6610f4c280e07 [] []
[2024-04-06T07:07:46.527915+00:00] flutterwave/rave.NOTICE: Rave Class Initializes.... [] []
[2024-04-06T07:08:33.756218+00:00] flutterwave/rave.NOTICE: Generating Reference Number.... [] []
[2024-04-06T07:08:33.756612+00:00] flutterwave/rave.NOTICE: Generated Reference Number....RV_6610f4f1b8b79 [] []
[2024-04-06T07:08:33.756686+00:00] flutterwave/rave.NOTICE: Rave Class Initializes.... [] []
[2024-04-06T07:08:33.756738+00:00] flutterwave/rave.NOTICE: Processing transfer... [] []
[2024-04-06T07:08:35.292737+00:00] flutterwave/rave.NOTICE: Processing bulk transfer... [] []
[2024-04-06T07:08:36.681223+00:00] flutterwave/rave.NOTICE: Fetching list of transfers... [] []
[2024-04-06T07:08:38.155115+00:00] flutterwave/rave.NOTICE: Fetching applicable fees... [] []
[2024-04-06T07:08:39.678236+00:00] flutterwave/rave.NOTICE: Verifying transaction... [] []
[2024-04-06T07:09:11.042532+00:00] flutterwave/rave.NOTICE: Generating Reference Number.... [] []
[2024-04-06T07:09:11.042828+00:00] flutterwave/rave.NOTICE: Generated Reference Number....RV_6610f5170a745 [] []
[2024-04-06T07:09:11.042856+00:00] flutterwave/rave.NOTICE: Rave Class Initializes.... [] []
[2024-04-06T07:14:40.957141+00:00] flutterwave/rave.NOTICE: Generating Reference Number.... [] []
[2024-04-06T07:14:40.960159+00:00] flutterwave/rave.NOTICE: Generated Reference Number....RV_6610f660ea691 [] []
[2024-04-06T07:14:40.960197+00:00] flutterwave/rave.NOTICE: Rave Class Initializes.... [] []
[2024-04-06T15:25:29.792461+00:00] flutterwave/rave.NOTICE: Generating Reference Number.... [] []
[2024-04-06T15:25:29.796147+00:00] flutterwave/rave.NOTICE: Generated Reference Number....RV_66116969c25e0 [] []
[2024-04-06T15:25:29.796199+00:00] flutterwave/rave.NOTICE: Rave Class Initializes.... [] []
[2024-04-06T15:25:32.326916+00:00] flutterwave/rave.NOTICE: Verifying transaction... [] []
