[2024-05-03T00:41:23.903891+00:00] flutterwave/rave.NOTICE: Generating Reference Number.... [] []
[2024-05-03T00:41:23.912941+00:00] flutterwave/rave.NOTICE: Generated Reference Number....RV_663432b3dee0f [] []
[2024-05-03T00:41:23.913016+00:00] flutterwave/rave.NOTICE: Rave Class Initializes.... [] []
[2024-05-03T09:45:00.630965+00:00] flutterwave/rave.NOTICE: Generating Reference Number.... [] []
[2024-05-03T09:45:00.636818+00:00] flutterwave/rave.NOTICE: Generated Reference Number....RV_6634b21c9b780 [] []
[2024-05-03T09:45:00.636859+00:00] flutterwave/rave.NOTICE: Rave Class Initializes.... [] []
[2024-05-03T09:45:02.493515+00:00] flutterwave/rave.NOTICE: Verifying transaction... [] []
[2024-05-03T11:07:50.694951+00:00] flutterwave/rave.NOTICE: Generating Reference Number.... [] []
[2024-05-03T11:07:50.700887+00:00] flutterwave/rave.NOTICE: Generated Reference Number....RV_6634c586ab1bd [] []
[2024-05-03T11:07:50.700953+00:00] flutterwave/rave.NOTICE: Rave Class Initializes.... [] []
[2024-05-03T11:07:50.700998+00:00] flutterwave/rave.NOTICE: Processing transfer... [] []
[2024-05-03T11:07:53.462824+00:00] flutterwave/rave.NOTICE: Processing bulk transfer... [] []
[2024-05-03T11:07:54.936666+00:00] flutterwave/rave.NOTICE: Fetching list of transfers... [] []
[2024-05-03T11:07:56.350986+00:00] flutterwave/rave.NOTICE: Fetching applicable fees... [] []
[2024-05-03T11:07:57.839011+00:00] flutterwave/rave.NOTICE: Verifying transaction... [] []
[2024-05-03T12:26:35.096758+00:00] flutterwave/rave.NOTICE: Generating Reference Number.... [] []
[2024-05-03T12:26:35.100790+00:00] flutterwave/rave.NOTICE: Generated Reference Number....RV_6634d7fb189a6 [] []
[2024-05-03T12:26:35.100833+00:00] flutterwave/rave.NOTICE: Rave Class Initializes.... [] []
[2024-05-03T15:50:35.421091+00:00] flutterwave/rave.NOTICE: Generating Reference Number.... [] []
[2024-05-03T15:50:35.424427+00:00] flutterwave/rave.NOTICE: Generated Reference Number....RV_663507cb679d7 [] []
[2024-05-03T15:50:35.424481+00:00] flutterwave/rave.NOTICE: Rave Class Initializes.... [] []
