[2024-05-08T08:05:21.263712+00:00] flutterwave/rave.NOTICE: Generating Reference Number.... [] []
[2024-05-08T08:05:21.272119+00:00] flutterwave/rave.NOTICE: Generated Reference Number....RV_663b3241426cd [] []
[2024-05-08T08:05:21.272203+00:00] flutterwave/rave.NOTICE: Rave Class Initializes.... [] []
[2024-05-08T08:08:27.268998+00:00] flutterwave/rave.NOTICE: Generating Reference Number.... [] []
[2024-05-08T08:08:27.271602+00:00] flutterwave/rave.NOTICE: Generated Reference Number....RV_663b32fb424de [] []
[2024-05-08T08:08:27.271649+00:00] flutterwave/rave.NOTICE: Rave Class Initializes.... [] []
[2024-05-08T08:10:31.596544+00:00] flutterwave/rave.NOTICE: Generating Reference Number.... [] []
[2024-05-08T08:10:31.599092+00:00] flutterwave/rave.NOTICE: Generated Reference Number....RV_663b337792422 [] []
[2024-05-08T08:10:31.599139+00:00] flutterwave/rave.NOTICE: Rave Class Initializes.... [] []
[2024-05-08T08:11:08.271553+00:00] flutterwave/rave.NOTICE: Generating Reference Number.... [] []
[2024-05-08T08:11:08.273453+00:00] flutterwave/rave.NOTICE: Generated Reference Number....RV_663b339c42c1a [] []
[2024-05-08T08:11:08.273501+00:00] flutterwave/rave.NOTICE: Rave Class Initializes.... [] []
[2024-05-08T08:11:08.273562+00:00] flutterwave/rave.NOTICE: Processing transfer... [] []
[2024-05-08T08:11:09.727351+00:00] flutterwave/rave.NOTICE: Processing bulk transfer... [] []
[2024-05-08T08:11:11.247804+00:00] flutterwave/rave.NOTICE: Fetching list of transfers... [] []
[2024-05-08T08:11:12.738114+00:00] flutterwave/rave.NOTICE: Fetching applicable fees... [] []
[2024-05-08T08:11:14.181141+00:00] flutterwave/rave.NOTICE: Verifying transaction... [] []
[2024-05-08T08:18:14.341072+00:00] flutterwave/rave.NOTICE: Generating Reference Number.... [] []
[2024-05-08T08:18:14.345931+00:00] flutterwave/rave.NOTICE: Generated Reference Number....RV_663b354654735 [] []
[2024-05-08T08:18:14.345990+00:00] flutterwave/rave.NOTICE: Rave Class Initializes.... [] []
[2024-05-08T08:30:33.217955+00:00] flutterwave/rave.NOTICE: Generating Reference Number.... [] []
[2024-05-08T08:30:33.224881+00:00] flutterwave/rave.NOTICE: Generated Reference Number....RV_663b382936e56 [] []
[2024-05-08T08:30:33.224946+00:00] flutterwave/rave.NOTICE: Rave Class Initializes.... [] []
[2024-05-08T17:20:02.986946+00:00] flutterwave/rave.NOTICE: Generating Reference Number.... [] []
[2024-05-08T17:20:02.992090+00:00] flutterwave/rave.NOTICE: Generated Reference Number....RV_663bb442f2346 [] []
[2024-05-08T17:20:02.992139+00:00] flutterwave/rave.NOTICE: Rave Class Initializes.... [] []
[2024-05-08T17:20:04.574247+00:00] flutterwave/rave.NOTICE: Verifying transaction... [] []
