[2023-12-29T16:25:23.576907-05:00] flutterwave/rave.NOTICE: Generating Reference Number.... [] []
[2023-12-29T16:25:23.582680-05:00] flutterwave/rave.NOTICE: Generated Reference Number....RV_658f39438e3fe [] []
[2023-12-29T16:25:23.582725-05:00] flutterwave/rave.NOTICE: Rave Class Initializes.... [] []
[2023-12-29T21:03:51.386226-05:00] flutterwave/rave.NOTICE: Generating Reference Number.... [] []
[2023-12-29T21:03:51.390749-05:00] flutterwave/rave.NOTICE: Generated Reference Number....RV_658f7a875f640 [] []
[2023-12-29T21:03:51.390800-05:00] flutterwave/rave.NOTICE: Rave Class Initializes.... [] []
[2023-12-29T21:03:52.768466-05:00] flutterwave/rave.NOTICE: Verifying transaction... [] []
[2023-12-29T23:17:31.310847-05:00] flutterwave/rave.NOTICE: Generating Reference Number.... [] []
[2023-12-29T23:17:31.315485-05:00] flutterwave/rave.NOTICE: Generated Reference Number....RV_658f99db4d038 [] []
[2023-12-29T23:17:31.315561-05:00] flutterwave/rave.NOTICE: Rave Class Initializes.... [] []
[2023-12-29T23:22:55.908855-05:00] flutterwave/rave.NOTICE: Generating Reference Number.... [] []
[2023-12-29T23:22:55.909330-05:00] flutterwave/rave.NOTICE: Generated Reference Number....RV_658f9b1fddffb [] []
[2023-12-29T23:22:55.909372-05:00] flutterwave/rave.NOTICE: Rave Class Initializes.... [] []
[2023-12-29T23:22:55.909439-05:00] flutterwave/rave.NOTICE: Processing transfer... [] []
[2023-12-29T23:22:57.818736-05:00] flutterwave/rave.NOTICE: Processing bulk transfer... [] []
[2023-12-29T23:22:59.170606-05:00] flutterwave/rave.NOTICE: Fetching list of transfers... [] []
[2023-12-29T23:23:00.605973-05:00] flutterwave/rave.NOTICE: Fetching applicable fees... [] []
[2023-12-29T23:23:02.124703-05:00] flutterwave/rave.NOTICE: Verifying transaction... [] []
[2023-12-29T23:48:26.308574-05:00] flutterwave/rave.NOTICE: Generating Reference Number.... [] []
[2023-12-29T23:48:26.309031-05:00] flutterwave/rave.NOTICE: Generated Reference Number....RV_658fa11a4b712 [] []
[2023-12-29T23:48:26.309069-05:00] flutterwave/rave.NOTICE: Rave Class Initializes.... [] []
