[2024-06-08T19:05:54.188601+00:00] flutterwave/rave.NOTICE: Generating Reference Number.... [] []
[2024-06-08T19:05:54.195393+00:00] flutterwave/rave.NOTICE: Generated Reference Number....RV_6664ab922fb28 [] []
[2024-06-08T19:05:54.195462+00:00] flutterwave/rave.NOTICE: Rave Class Initializes.... [] []
[2024-06-08T19:07:39.811250+00:00] flutterwave/rave.NOTICE: Generating Reference Number.... [] []
[2024-06-08T19:07:39.813861+00:00] flutterwave/rave.NOTICE: Generated Reference Number....RV_6664abfbc6b12 [] []
[2024-06-08T19:07:39.813905+00:00] flutterwave/rave.NOTICE: Rave Class Initializes.... [] []
[2024-06-08T19:09:58.602087+00:00] flutterwave/rave.NOTICE: Generating Reference Number.... [] []
[2024-06-08T19:09:58.604334+00:00] flutterwave/rave.NOTICE: Generated Reference Number....RV_6664ac869389e [] []
[2024-06-08T19:09:58.604393+00:00] flutterwave/rave.NOTICE: Rave Class Initializes.... [] []
[2024-06-08T19:11:41.318678+00:00] flutterwave/rave.NOTICE: Generating Reference Number.... [] []
[2024-06-08T19:11:41.320976+00:00] flutterwave/rave.NOTICE: Generated Reference Number....RV_6664aced4e5bf [] []
[2024-06-08T19:11:41.321021+00:00] flutterwave/rave.NOTICE: Rave Class Initializes.... [] []
[2024-06-08T19:11:41.321063+00:00] flutterwave/rave.NOTICE: Processing transfer... [] []
[2024-06-08T19:11:43.095784+00:00] flutterwave/rave.NOTICE: Processing bulk transfer... [] []
[2024-06-08T19:11:44.668882+00:00] flutterwave/rave.NOTICE: Fetching list of transfers... [] []
[2024-06-08T19:11:46.057842+00:00] flutterwave/rave.NOTICE: Fetching applicable fees... [] []
[2024-06-08T19:11:47.662739+00:00] flutterwave/rave.NOTICE: Verifying transaction... [] []
[2024-06-08T19:13:25.053622+00:00] flutterwave/rave.NOTICE: Generating Reference Number.... [] []
[2024-06-08T19:13:25.055364+00:00] flutterwave/rave.NOTICE: Generated Reference Number....RV_6664ad550d838 [] []
[2024-06-08T19:13:25.055403+00:00] flutterwave/rave.NOTICE: Rave Class Initializes.... [] []
[2024-06-08T19:50:27.676197+00:00] flutterwave/rave.NOTICE: Generating Reference Number.... [] []
[2024-06-08T19:50:27.679275+00:00] flutterwave/rave.NOTICE: Generated Reference Number....RV_6664b603a5d5b [] []
[2024-06-08T19:50:27.679326+00:00] flutterwave/rave.NOTICE: Rave Class Initializes.... [] []
[2024-06-08T22:57:51.190120+00:00] flutterwave/rave.NOTICE: Generating Reference Number.... [] []
[2024-06-08T22:57:51.197203+00:00] flutterwave/rave.NOTICE: Generated Reference Number....RV_6664e1ef3023f [] []
[2024-06-08T22:57:51.197271+00:00] flutterwave/rave.NOTICE: Rave Class Initializes.... [] []
[2024-06-08T22:57:52.935349+00:00] flutterwave/rave.NOTICE: Verifying transaction... [] []
