[2024-05-10T08:01:11.919746+00:00] flutterwave/rave.NOTICE: Generating Reference Number.... [] []
[2024-05-10T08:01:11.927431+00:00] flutterwave/rave.NOTICE: Generated Reference Number....RV_663dd447e26a7 [] []
[2024-05-10T08:01:11.927506+00:00] flutterwave/rave.NOTICE: Rave Class Initializes.... [] []
[2024-05-10T08:01:44.275672+00:00] flutterwave/rave.NOTICE: Generating Reference Number.... [] []
[2024-05-10T08:01:44.276180+00:00] flutterwave/rave.NOTICE: Generated Reference Number....RV_663dd468436bc [] []
[2024-05-10T08:01:44.276230+00:00] flutterwave/rave.NOTICE: Rave Class Initializes.... [] []
[2024-05-10T08:01:44.276283+00:00] flutterwave/rave.NOTICE: Processing transfer... [] []
[2024-05-10T08:01:45.727984+00:00] flutterwave/rave.NOTICE: Processing bulk transfer... [] []
[2024-05-10T08:01:47.222945+00:00] flutterwave/rave.NOTICE: Fetching list of transfers... [] []
[2024-05-10T08:01:48.621727+00:00] flutterwave/rave.NOTICE: Fetching applicable fees... [] []
[2024-05-10T08:01:50.090945+00:00] flutterwave/rave.NOTICE: Verifying transaction... [] []
[2024-05-10T08:06:07.370496+00:00] flutterwave/rave.NOTICE: Generating Reference Number.... [] []
[2024-05-10T08:06:07.373174+00:00] flutterwave/rave.NOTICE: Generated Reference Number....RV_663dd56f5b1a3 [] []
[2024-05-10T08:06:07.373224+00:00] flutterwave/rave.NOTICE: Rave Class Initializes.... [] []
[2024-05-10T08:06:22.760244+00:00] flutterwave/rave.NOTICE: Generating Reference Number.... [] []
[2024-05-10T08:06:22.760564+00:00] flutterwave/rave.NOTICE: Generated Reference Number....RV_663dd57eb9aeb [] []
[2024-05-10T08:06:22.760590+00:00] flutterwave/rave.NOTICE: Rave Class Initializes.... [] []
[2024-05-10T08:06:52.892271+00:00] flutterwave/rave.NOTICE: Generating Reference Number.... [] []
[2024-05-10T08:06:52.902999+00:00] flutterwave/rave.NOTICE: Generated Reference Number....RV_663dd59cdc72e [] []
[2024-05-10T08:06:52.903126+00:00] flutterwave/rave.NOTICE: Rave Class Initializes.... [] []
[2024-05-10T08:07:15.943383+00:00] flutterwave/rave.NOTICE: Generating Reference Number.... [] []
[2024-05-10T08:07:15.943735+00:00] flutterwave/rave.NOTICE: Generated Reference Number....RV_663dd5b3e666e [] []
[2024-05-10T08:07:15.943793+00:00] flutterwave/rave.NOTICE: Rave Class Initializes.... [] []
[2024-05-10T08:09:26.108040+00:00] flutterwave/rave.NOTICE: Generating Reference Number.... [] []
[2024-05-10T08:09:26.110425+00:00] flutterwave/rave.NOTICE: Generated Reference Number....RV_663dd6361af4a [] []
[2024-05-10T08:09:26.110470+00:00] flutterwave/rave.NOTICE: Rave Class Initializes.... [] []
[2024-05-10T08:09:27.946169+00:00] flutterwave/rave.NOTICE: Verifying transaction... [] []
