[2021-12-22T12:14:12.427814+01:00] flutterwave/rave.NOTICE: Generating Reference Number.... [] []
[2021-12-22T12:14:12.604151+01:00] flutterwave/rave.NOTICE: Generated Reference Number....RV_61c30884937db [] []
[2021-12-22T12:14:12.604441+01:00] flutterwave/rave.NOTICE: Rave Class Initializes.... [] []
[2021-12-22T12:14:12.604614+01:00] flutterwave/rave.NOTICE: MTN 200 MB DATA BUNDLE Billing ... [] []
[2021-12-22T12:15:41.759379+01:00] flutterwave/rave.NOTICE: Generating Reference Number.... [] []
[2021-12-22T12:15:41.762682+01:00] flutterwave/rave.NOTICE: Generated Reference Number....RV_61c308ddba328 [] []
[2021-12-22T12:15:41.763276+01:00] flutterwave/rave.NOTICE: Rave Class Initializes.... [] []
[2021-12-22T12:15:41.763371+01:00] flutterwave/rave.NOTICE: MTN 200 MB DATA BUNDLE Billing ... [] []
[2021-12-22T12:31:06.303514+01:00] flutterwave/rave.NOTICE: Generating Reference Number.... [] []
[2021-12-22T12:31:06.306456+01:00] flutterwave/rave.NOTICE: Generated Reference Number....RV_61c30c7a4ad07 [] []
[2021-12-22T12:31:06.306532+01:00] flutterwave/rave.NOTICE: Rave Class Initializes.... [] []
[2021-12-22T12:46:09.509106+01:00] flutterwave/rave.NOTICE: Generating Reference Number.... [] []
[2021-12-22T12:46:09.511919+01:00] flutterwave/rave.NOTICE: Generated Reference Number....RV_61c310017cf9e [] []
[2021-12-22T12:46:09.512001+01:00] flutterwave/rave.NOTICE: Rave Class Initializes.... [] []
[2021-12-22T12:51:31.899495+01:00] flutterwave/rave.NOTICE: Generating Reference Number.... [] []
[2021-12-22T12:51:31.902558+01:00] flutterwave/rave.NOTICE: Generated Reference Number....RV_61c31143dc58c [] []
[2021-12-22T12:51:31.902633+01:00] flutterwave/rave.NOTICE: Rave Class Initializes.... [] []
[2021-12-22T12:54:19.916783+01:00] flutterwave/rave.NOTICE: Generating Reference Number.... [] []
[2021-12-22T12:54:19.921340+01:00] flutterwave/rave.NOTICE: Generated Reference Number....RV_61c311ebe0ee2 [] []
[2021-12-22T12:54:19.921503+01:00] flutterwave/rave.NOTICE: Rave Class Initializes.... [] []
[2021-12-22T12:54:19.921715+01:00] flutterwave/rave.NOTICE: AIRTIME Billing ... [] []
[2021-12-22T12:54:43.590191+01:00] flutterwave/rave.NOTICE: Generating Reference Number.... [] []
[2021-12-22T12:54:43.592544+01:00] flutterwave/rave.NOTICE: Generated Reference Number....RV_61c3120390a8d [] []
[2021-12-22T12:54:43.592683+01:00] flutterwave/rave.NOTICE: Rave Class Initializes.... [] []
[2021-12-22T12:54:43.593098+01:00] flutterwave/rave.NOTICE: AIRTIME Billing ... [] []
[2021-12-22T12:54:56.037624+01:00] flutterwave/rave.NOTICE: Generating Reference Number.... [] []
[2021-12-22T12:54:56.040649+01:00] flutterwave/rave.NOTICE: Generated Reference Number....RV_61c3121009eb2 [] []
[2021-12-22T12:54:56.040739+01:00] flutterwave/rave.NOTICE: Rave Class Initializes.... [] []
[2021-12-22T12:54:56.040817+01:00] flutterwave/rave.NOTICE: AIRTIME Billing ... [] []
[2021-12-22T12:55:45.475434+01:00] flutterwave/rave.NOTICE: Generating Reference Number.... [] []
[2021-12-22T12:55:45.479220+01:00] flutterwave/rave.NOTICE: Generated Reference Number....RV_61c3124174fd8 [] []
[2021-12-22T12:55:45.479365+01:00] flutterwave/rave.NOTICE: Rave Class Initializes.... [] []
[2021-12-22T12:55:45.479449+01:00] flutterwave/rave.NOTICE: AIRTIME Billing ... [] []
[2021-12-22T12:55:57.131195+01:00] flutterwave/rave.NOTICE: Generating Reference Number.... [] []
[2021-12-22T12:55:57.133477+01:00] flutterwave/rave.NOTICE: Generated Reference Number....RV_61c3124d20953 [] []
[2021-12-22T12:55:57.133569+01:00] flutterwave/rave.NOTICE: Rave Class Initializes.... [] []
[2021-12-22T12:55:57.133647+01:00] flutterwave/rave.NOTICE: AIRTIME Billing ... [] []
[2021-12-22T12:57:36.682307+01:00] flutterwave/rave.NOTICE: Generating Reference Number.... [] []
[2021-12-22T12:57:36.685459+01:00] flutterwave/rave.NOTICE: Generated Reference Number....RV_61c312b0a757f [] []
[2021-12-22T12:57:36.685543+01:00] flutterwave/rave.NOTICE: Rave Class Initializes.... [] []
[2021-12-22T12:57:36.685619+01:00] flutterwave/rave.NOTICE: AIRTIME Billing ... [] []
[2021-12-22T12:58:04.245161+01:00] flutterwave/rave.NOTICE: Generating Reference Number.... [] []
[2021-12-22T12:58:04.247457+01:00] flutterwave/rave.NOTICE: Generated Reference Number....RV_61c312cc3c690 [] []
[2021-12-22T12:58:04.247541+01:00] flutterwave/rave.NOTICE: Rave Class Initializes.... [] []
[2021-12-22T12:58:04.247617+01:00] flutterwave/rave.NOTICE: AIRTIME Billing ... [] []
[2021-12-22T12:58:30.047600+01:00] flutterwave/rave.NOTICE: Generating Reference Number.... [] []
[2021-12-22T12:58:30.049841+01:00] flutterwave/rave.NOTICE: Generated Reference Number....RV_61c312e60c2a4 [] []
[2021-12-22T12:58:30.049916+01:00] flutterwave/rave.NOTICE: Rave Class Initializes.... [] []
[2021-12-22T12:58:30.049993+01:00] flutterwave/rave.NOTICE: AIRTIME Billing ... [] []
[2021-12-22T12:58:50.119281+01:00] flutterwave/rave.NOTICE: Generating Reference Number.... [] []
[2021-12-22T12:58:50.121509+01:00] flutterwave/rave.NOTICE: Generated Reference Number....RV_61c312fa1da95 [] []
[2021-12-22T12:58:50.121590+01:00] flutterwave/rave.NOTICE: Rave Class Initializes.... [] []
[2021-12-22T12:59:07.277138+01:00] flutterwave/rave.NOTICE: Generating Reference Number.... [] []
[2021-12-22T12:59:07.279570+01:00] flutterwave/rave.NOTICE: Generated Reference Number....RV_61c3130b44400 [] []
[2021-12-22T12:59:07.279646+01:00] flutterwave/rave.NOTICE: Rave Class Initializes.... [] []
[2021-12-22T12:59:35.373449+01:00] flutterwave/rave.NOTICE: Generating Reference Number.... [] []
[2021-12-22T12:59:35.375714+01:00] flutterwave/rave.NOTICE: Generated Reference Number....RV_61c313275bb91 [] []
[2021-12-22T12:59:35.375807+01:00] flutterwave/rave.NOTICE: Rave Class Initializes.... [] []
[2021-12-22T13:00:10.258619+01:00] flutterwave/rave.NOTICE: Generating Reference Number.... [] []
[2021-12-22T13:00:10.261280+01:00] flutterwave/rave.NOTICE: Generated Reference Number....RV_61c3134a3fc93 [] []
[2021-12-22T13:00:10.261354+01:00] flutterwave/rave.NOTICE: Rave Class Initializes.... [] []
[2021-12-22T13:00:10.261429+01:00] flutterwave/rave.NOTICE: AIRTIME Billing ... [] []
[2021-12-22T13:02:09.061654+01:00] flutterwave/rave.NOTICE: Generating Reference Number.... [] []
[2021-12-22T13:02:09.064828+01:00] flutterwave/rave.NOTICE: Generated Reference Number....RV_61c313c10fd26 [] []
[2021-12-22T13:02:09.064937+01:00] flutterwave/rave.NOTICE: Rave Class Initializes.... [] []
[2021-12-22T13:02:09.065040+01:00] flutterwave/rave.NOTICE: AIRTIME Billing ... [] []
[2021-12-22T13:02:29.741311+01:00] flutterwave/rave.NOTICE: Generating Reference Number.... [] []
[2021-12-22T13:02:29.744826+01:00] flutterwave/rave.NOTICE: Generated Reference Number....RV_61c313d5b5d61 [] []
[2021-12-22T13:02:29.745443+01:00] flutterwave/rave.NOTICE: Rave Class Initializes.... [] []
[2021-12-22T13:02:29.745564+01:00] flutterwave/rave.NOTICE: AIRTIME Billing ... [] []
[2021-12-22T13:04:27.982376+01:00] flutterwave/rave.NOTICE: Generating Reference Number.... [] []
[2021-12-22T13:04:27.986141+01:00] flutterwave/rave.NOTICE: Generated Reference Number....RV_61c3144bf0c0a [] []
[2021-12-22T13:04:27.986217+01:00] flutterwave/rave.NOTICE: Rave Class Initializes.... [] []
[2021-12-22T13:04:27.986298+01:00] flutterwave/rave.NOTICE: AIRTIME Billing ... [] []
[2021-12-22T13:04:52.583660+01:00] flutterwave/rave.NOTICE: Generating Reference Number.... [] []
[2021-12-22T13:04:52.585943+01:00] flutterwave/rave.NOTICE: Generated Reference Number....RV_61c314648f0c8 [] []
[2021-12-22T13:04:52.586018+01:00] flutterwave/rave.NOTICE: Rave Class Initializes.... [] []
[2021-12-22T13:04:52.586094+01:00] flutterwave/rave.NOTICE: AIRTIME Billing ... [] []
[2021-12-22T13:05:07.442570+01:00] flutterwave/rave.NOTICE: Generating Reference Number.... [] []
[2021-12-22T13:05:07.445842+01:00] flutterwave/rave.NOTICE: Generated Reference Number....RV_61c314736cd79 [] []
[2021-12-22T13:05:07.445977+01:00] flutterwave/rave.NOTICE: Rave Class Initializes.... [] []
[2021-12-22T13:05:07.446143+01:00] flutterwave/rave.NOTICE: AIRTIME Billing ... [] []
[2021-12-22T13:05:27.835661+01:00] flutterwave/rave.NOTICE: Generating Reference Number.... [] []
[2021-12-22T13:05:27.837937+01:00] flutterwave/rave.NOTICE: Generated Reference Number....RV_61c31487cc923 [] []
[2021-12-22T13:05:27.838075+01:00] flutterwave/rave.NOTICE: Rave Class Initializes.... [] []
[2021-12-22T13:05:27.838175+01:00] flutterwave/rave.NOTICE: AIRTIME Billing ... [] []
[2021-12-22T13:05:50.762597+01:00] flutterwave/rave.NOTICE: Generating Reference Number.... [] []
[2021-12-22T13:05:50.765395+01:00] flutterwave/rave.NOTICE: Generated Reference Number....RV_61c3149ebadc1 [] []
[2021-12-22T13:05:50.765481+01:00] flutterwave/rave.NOTICE: Rave Class Initializes.... [] []
[2021-12-22T13:05:50.765557+01:00] flutterwave/rave.NOTICE: AIRTIME Billing ... [] []
[2021-12-22T13:06:02.279656+01:00] flutterwave/rave.NOTICE: Generating Reference Number.... [] []
[2021-12-22T13:06:02.281951+01:00] flutterwave/rave.NOTICE: Generated Reference Number....RV_61c314aa44d4d [] []
[2021-12-22T13:06:02.282043+01:00] flutterwave/rave.NOTICE: Rave Class Initializes.... [] []
[2021-12-22T13:06:02.282119+01:00] flutterwave/rave.NOTICE: AIRTIME Billing ... [] []
[2021-12-22T13:07:01.238171+01:00] flutterwave/rave.NOTICE: Generating Reference Number.... [] []
[2021-12-22T13:07:01.240970+01:00] flutterwave/rave.NOTICE: Generated Reference Number....RV_61c314e53ad38 [] []
[2021-12-22T13:07:01.241060+01:00] flutterwave/rave.NOTICE: Rave Class Initializes.... [] []
[2021-12-22T13:07:01.241145+01:00] flutterwave/rave.NOTICE: AIRTIME Billing ... [] []
[2021-12-22T13:08:09.489473+01:00] flutterwave/rave.NOTICE: Generating Reference Number.... [] []
[2021-12-22T13:08:09.492649+01:00] flutterwave/rave.NOTICE: Generated Reference Number....RV_61c3152978458 [] []
[2021-12-22T13:08:09.492755+01:00] flutterwave/rave.NOTICE: Rave Class Initializes.... [] []
[2021-12-22T13:08:09.492842+01:00] flutterwave/rave.NOTICE: AIRTIME Billing ... [] []
[2021-12-22T13:12:31.032643+01:00] flutterwave/rave.NOTICE: Generating Reference Number.... [] []
[2021-12-22T13:12:31.036260+01:00] flutterwave/rave.NOTICE: Generated Reference Number....RV_61c3162f08d8f [] []
[2021-12-22T13:12:31.036346+01:00] flutterwave/rave.NOTICE: Rave Class Initializes.... [] []
[2021-12-22T13:12:31.036484+01:00] flutterwave/rave.NOTICE: AIRTIME Billing ... [] []
[2021-12-22T13:13:20.366976+01:00] flutterwave/rave.NOTICE: Generating Reference Number.... [] []
[2021-12-22T13:13:20.371070+01:00] flutterwave/rave.NOTICE: Generated Reference Number....RV_61c316605a969 [] []
[2021-12-22T13:13:20.371158+01:00] flutterwave/rave.NOTICE: Rave Class Initializes.... [] []
[2021-12-22T13:13:20.371245+01:00] flutterwave/rave.NOTICE: AIRTIME Billing ... [] []
[2021-12-22T13:14:02.770131+01:00] flutterwave/rave.NOTICE: Generating Reference Number.... [] []
[2021-12-22T13:14:02.772778+01:00] flutterwave/rave.NOTICE: Generated Reference Number....RV_61c3168abca95 [] []
[2021-12-22T13:14:02.772884+01:00] flutterwave/rave.NOTICE: Rave Class Initializes.... [] []
[2021-12-22T13:14:02.772971+01:00] flutterwave/rave.NOTICE: AIRTIME Billing ... [] []
[2021-12-22T13:16:20.652924+01:00] flutterwave/rave.NOTICE: Generating Reference Number.... [] []
[2021-12-22T13:16:20.657587+01:00] flutterwave/rave.NOTICE: Generated Reference Number....RV_61c31714a089d [] []
[2021-12-22T13:16:20.657677+01:00] flutterwave/rave.NOTICE: Rave Class Initializes.... [] []
[2021-12-22T13:16:20.657763+01:00] flutterwave/rave.NOTICE: AIRTIME Billing ... [] []
[2021-12-22T13:40:40.591449+01:00] flutterwave/rave.NOTICE: Generating Reference Number.... [] []
[2021-12-22T13:40:40.594637+01:00] flutterwave/rave.NOTICE: Generated Reference Number....RV_61c31cc8912bd [] []
[2021-12-22T13:40:40.594726+01:00] flutterwave/rave.NOTICE: Rave Class Initializes.... [] []
[2021-12-22T13:40:40.594818+01:00] flutterwave/rave.NOTICE: AIRTIME Billing ... [] []
[2021-12-22T13:42:18.165084+01:00] flutterwave/rave.NOTICE: Generating Reference Number.... [] []
[2021-12-22T13:42:18.168843+01:00] flutterwave/rave.NOTICE: Generated Reference Number....RV_61c31d2a29344 [] []
[2021-12-22T13:42:18.169011+01:00] flutterwave/rave.NOTICE: Rave Class Initializes.... [] []
[2021-12-22T13:42:18.169261+01:00] flutterwave/rave.NOTICE: AIRTIME Billing ... [] []
